0 info it worked if it ends with ok
1 verbose cli [ '/usr/local/Cellar/node/5.2.0/bin/node',
1 verbose cli   '/usr/local/bin/npm',
1 verbose cli   'start' ]
2 info using npm@3.10.5
3 info using node@v6.2.2
4 verbose run-script [ 'prestart', 'start', 'poststart' ]
5 info lifecycle bogo-site@0.0.1~prestart: bogo-site@0.0.1
6 silly lifecycle bogo-site@0.0.1~prestart: no script for prestart, continuing
7 info lifecycle bogo-site@0.0.1~start: bogo-site@0.0.1
8 verbose lifecycle bogo-site@0.0.1~start: unsafe-perm in lifecycle true
9 verbose lifecycle bogo-site@0.0.1~start: PATH: /usr/local/lib/node_modules/npm/bin/node-gyp-bin:/Users/banjo78910/Dev/SaraSite/node_modules/.bin:/usr/local/Cellar/node/5.2.0/bin:/Library/Frameworks/Python.framework/Versions/2.7/bin:/Library/Frameworks/Python.framework/Versions/3.4/bin:/usr/local/mysql/bin:/Users/banjo78910/.rvm/gems/ruby-2.1.2/bin:/Users/banjo78910/.rvm/gems/ruby-2.1.2@global/bin:/Users/banjo78910/.rvm/rubies/ruby-2.1.2/bin:/usr/local/bin:/opt/local/bin:/opt/local/sbin:/usr/local/bin:/usr/bin:/bin:/usr/sbin:/sbin:/opt/X11/bin:/usr/local/git/bin:/Library/TeX/texbin:/Users/banjo78910/Downloads/adt-bundle-mac-x86_64-20131030:/Users/banjo78910/.rvm/bin
10 verbose lifecycle bogo-site@0.0.1~start: CWD: /Users/banjo78910/Dev/SaraSite
11 silly lifecycle bogo-site@0.0.1~start: Args: [ '-c', 'nodemon server.js' ]
12 silly lifecycle bogo-site@0.0.1~start: Returned: code: 1  signal: null
13 info lifecycle bogo-site@0.0.1~start: Failed to exec start script
14 verbose stack Error: bogo-site@0.0.1 start: `nodemon server.js`
14 verbose stack Exit status 1
14 verbose stack     at EventEmitter.<anonymous> (/usr/local/lib/node_modules/npm/lib/utils/lifecycle.js:242:16)
14 verbose stack     at emitTwo (events.js:106:13)
14 verbose stack     at EventEmitter.emit (events.js:191:7)
14 verbose stack     at ChildProcess.<anonymous> (/usr/local/lib/node_modules/npm/lib/utils/spawn.js:40:14)
14 verbose stack     at emitTwo (events.js:106:13)
14 verbose stack     at ChildProcess.emit (events.js:191:7)
14 verbose stack     at maybeClose (internal/child_process.js:852:16)
14 verbose stack     at Process.ChildProcess._handle.onexit (internal/child_process.js:215:5)
15 verbose pkgid bogo-site@0.0.1
16 verbose cwd /Users/banjo78910/Dev/SaraSite
17 error Darwin 15.6.0
18 error argv "/usr/local/Cellar/node/5.2.0/bin/node" "/usr/local/bin/npm" "start"
19 error node v6.2.2
20 error npm  v3.10.5
21 error code ELIFECYCLE
22 error bogo-site@0.0.1 start: `nodemon server.js`
22 error Exit status 1
23 error Failed at the bogo-site@0.0.1 start script 'nodemon server.js'.
23 error Make sure you have the latest version of node.js and npm installed.
23 error If you do, this is most likely a problem with the bogo-site package,
23 error not with npm itself.
23 error Tell the author that this fails on your system:
23 error     nodemon server.js
23 error You can get information on how to open an issue for this project with:
23 error     npm bugs bogo-site
23 error Or if that isn't available, you can get their info via:
23 error     npm owner ls bogo-site
23 error There is likely additional logging output above.
24 verbose exit [ 1, true ]
